.next/dev/types/app/(site)/lookbook/layout.ts(2,24): error TS2307: Cannot find module '../../../../../../src/app/(site)/lookbook/layout.js' or its corresponding type declarations.
.next/dev/types/app/(site)/lookbook/layout.ts(7,29): error TS2307: Cannot find module '../../../../../../src/app/(site)/lookbook/layout.js' or its corresponding type declarations.
.next/dev/types/app/lookbook/[slug]/page.ts(2,24): error TS2307: Cannot find module '../../../../../../src/app/lookbook/[slug]/page.js' or its corresponding type declarations.
.next/dev/types/app/lookbook/[slug]/page.ts(7,29): error TS2307: Cannot find module '../../../../../../src/app/lookbook/[slug]/page.js' or its corresponding type declarations.
.next/dev/types/app/lookbook/layout.ts(2,24): error TS2307: Cannot find module '../../../../../src/app/lookbook/layout.js' or its corresponding type declarations.
.next/dev/types/app/lookbook/layout.ts(7,29): error TS2307: Cannot find module '../../../../../src/app/lookbook/layout.js' or its corresponding type declarations.
src/components/Shop/shopData.ts(8,5): error TS2322: Type 'number' is not assignable to type 'string'.
src/components/Shop/shopData.ts(25,5): error TS2322: Type 'number' is not assignable to type 'string'.
src/components/Shop/shopData.ts(42,5): error TS2322: Type 'number' is not assignable to type 'string'.
src/components/Shop/shopData.ts(59,5): error TS2322: Type 'number' is not assignable to type 'string'.
src/components/Shop/shopData.ts(76,5): error TS2322: Type 'number' is not assignable to type 'string'.
src/components/Shop/shopData.ts(93,5): error TS2322: Type 'number' is not assignable to type 'string'.
src/components/Shop/shopData.ts(110,5): error TS2322: Type 'number' is not assignable to type 'string'.
src/components/Shop/shopData.ts(127,5): error TS2322: Type 'number' is not assignable to type 'string'.
src/redux/features/product-details.ts(8,22): error TS2352: Conversion of type '{ value: { title: string; reviews: number; price: number; discountedPrice: number; img: string; images: undefined[]; id: number; imgs: { thumbnails: undefined[]; previews: undefined[]; }; }; }' to type 'InitialState' may be a mistake because neither type sufficiently overlaps with the other. If this was intentional, convert the expression to 'unknown' first.
  The types of 'value.id' are incompatible between these types.
    Type 'number' is not comparable to type 'string'.
